0 info it worked if it ends with ok
1 verbose cli [ 'C:\\node\\node.exe',
1 verbose cli   'C:\\node\\node_modules\\npm\\bin\\npm-cli.js',
1 verbose cli   'run',
1 verbose cli   'dev' ]
2 info using npm@3.10.10
3 info using node@v6.9.4
4 verbose run-script [ 'predev', 'dev', 'postdev' ]
5 info lifecycle healthchina@1.2.8~predev: healthchina@1.2.8
6 silly lifecycle healthchina@1.2.8~predev: no script for predev, continuing
7 info lifecycle healthchina@1.2.8~dev: healthchina@1.2.8
8 verbose lifecycle healthchina@1.2.8~dev: unsafe-perm in lifecycle true
9 verbose lifecycle healthchina@1.2.8~dev: PATH: C:\node\node_modules\npm\bin\node-gyp-bin;C:\Users\liyonglu\Desktop\myGithub\liyonglu123.github.io\健康中国\node_modules\.bin;C:\Program Files (x86)\Intel\iCLS Client\;C:\Program Files\Intel\iCLS Client\;C:\Windows\system32;C:\Windows;C:\Windows\System32\Wbem;C:\Windows\System32\WindowsPowerShell\v1.0\;C:\Program Files (x86)\Intel\Intel(R) Management Engine Components\DAL;C:\Program Files\Intel\Intel(R) Management Engine Components\DAL;C:\Program Files (x86)\Intel\Intel(R) Management Engine Components\IPT;C:\Program Files\Intel\Intel(R) Management Engine Components\IPT;C:\Program Files (x86)\NVIDIA Corporation\PhysX\Common;C:\;rogram Files\TortoiseSVN\bin;C:\开发工具\Git\cmd;C:\node\;C:\Users\liyonglu\AppData\Local\Microsoft\WindowsApps;C:\Users\liyonglu\AppData\Roaming\npm;C:\开发工具\Fiddler;C:\Users\liyonglu\AppData\Local\GitHubDesktop\bin;C:\开发工具\Microsoft VS Code\bin
10 verbose lifecycle healthchina@1.2.8~dev: CWD: C:\Users\liyonglu\Desktop\myGithub\liyonglu123.github.io\健康中国
11 silly lifecycle healthchina@1.2.8~dev: Args: [ '/d /s /c', 'wepy build --watch' ]
12 verbose stack Error: kill ENOSYS
12 verbose stack     at exports._errnoException (util.js:1022:11)
12 verbose stack     at process.kill (internal/process.js:172:13)
12 verbose stack     at process.listener (C:\node\node_modules\npm\node_modules\npmlog\node_modules\gauge\node_modules\signal-exit\index.js:86:15)
12 verbose stack     at emitNone (events.js:91:20)
12 verbose stack     at process.emit (events.js:185:7)
12 verbose stack     at processEmit (C:\node\node_modules\npm\node_modules\npmlog\node_modules\gauge\node_modules\signal-exit\index.js:146:32)
12 verbose stack     at processEmit (C:\node\node_modules\npm\node_modules\npm-registry-client\node_modules\npmlog\node_modules\gauge\node_modules\signal-exit\index.js:146:32)
12 verbose stack     at Signal.wrap.onsignal (internal/process.js:199:44)
13 verbose cwd C:\Users\liyonglu\Desktop\myGithub\liyonglu123.github.io\健康中国
14 error Windows_NT 10.0.15063
15 error argv "C:\\node\\node.exe" "C:\\node\\node_modules\\npm\\bin\\npm-cli.js" "run" "dev"
16 error node v6.9.4
17 error npm  v3.10.10
18 error code ENOSYS
19 error errno ENOSYS
20 error syscall kill
21 error kill ENOSYS
22 error If you need help, you may report this error at:
22 error     <https://github.com/npm/npm/issues>
23 verbose exit [ 1, true ]
