0 info it worked if it ends with ok
1 verbose cli [ 'C:\\node\\node.exe',
1 verbose cli   'C:\\node\\node_modules\\npm\\bin\\npm-cli.js',
1 verbose cli   'run',
1 verbose cli   'build' ]
2 info using npm@3.10.10
3 info using node@v6.9.4
4 verbose run-script [ 'prebuild', 'build', 'postbuild' ]
5 info lifecycle demo@1.0.0~prebuild: demo@1.0.0
6 silly lifecycle demo@1.0.0~prebuild: no script for prebuild, continuing
7 info lifecycle demo@1.0.0~build: demo@1.0.0
8 verbose lifecycle demo@1.0.0~build: unsafe-perm in lifecycle true
9 verbose lifecycle demo@1.0.0~build: PATH: C:\node\node_modules\npm\bin\node-gyp-bin;C:\Users\liyonglu\Desktop\myGithub\liyonglu123.github.io\vue框架的搭建\vue自己动手做\demo\node_modules\.bin;C:\ProgramData\Oracle\Java\javapath;C:\Program Files (x86)\Intel\iCLS Client\;C:\Program Files\Intel\iCLS Client\;C:\Windows\system32;C:\Windows;C:\Windows\System32\Wbem;C:\Windows\System32\WindowsPowerShell\v1.0\;C:\Program Files (x86)\Intel\Intel(R) Management Engine Components\DAL;C:\Program Files\Intel\Intel(R) Management Engine Components\DAL;C:\Program Files (x86)\Intel\Intel(R) Management Engine Components\IPT;C:\Program Files\Intel\Intel(R) Management Engine Components\IPT;C:\Program Files (x86)\NVIDIA Corporation\PhysX\Common;C:\;rogram Files\TortoiseSVN\bin;C:\开发工具\Git\cmd;C:\node\;%MYSQL_HOME%\bin;C:\开发工具\maven\apache-maven-3.5.2\bin;;C:\WINDOWS\system32;C:\WINDOWS;C:\WINDOWS\System32\Wbem;C:\WINDOWS\System32\WindowsPowerShell\v1.0\;C:\Users\liyonglu\AppData\Local\Microsoft\WindowsApps;C:\Users\liyonglu\AppData\Roaming\npm;C:\开发工具\Fiddler;C:\Users\liyonglu\AppData\Local\GitHubDesktop\bin;C:\开发工具\Microsoft VS Code\bin;C:\Users\liyonglu\AppData\Local\Microsoft\WindowsApps;
10 verbose lifecycle demo@1.0.0~build: CWD: C:\Users\liyonglu\Desktop\myGithub\liyonglu123.github.io\vue框架的搭建\vue自己动手做\demo
11 silly lifecycle demo@1.0.0~build: Args: [ '/d /s /c',
11 silly lifecycle   'webpack --progress --hide-modules --config webpack.prod.config.js' ]
12 silly lifecycle demo@1.0.0~build: Returned: code: 1  signal: null
13 info lifecycle demo@1.0.0~build: Failed to exec build script
14 verbose stack Error: demo@1.0.0 build: `webpack --progress --hide-modules --config webpack.prod.config.js`
14 verbose stack Exit status 1
14 verbose stack     at EventEmitter.<anonymous> (C:\node\node_modules\npm\lib\utils\lifecycle.js:255:16)
14 verbose stack     at emitTwo (events.js:106:13)
14 verbose stack     at EventEmitter.emit (events.js:191:7)
14 verbose stack     at ChildProcess.<anonymous> (C:\node\node_modules\npm\lib\utils\spawn.js:40:14)
14 verbose stack     at emitTwo (events.js:106:13)
14 verbose stack     at ChildProcess.emit (events.js:191:7)
14 verbose stack     at maybeClose (internal/child_process.js:877:16)
14 verbose stack     at Process.ChildProcess._handle.onexit (internal/child_process.js:226:5)
15 verbose pkgid demo@1.0.0
16 verbose cwd C:\Users\liyonglu\Desktop\myGithub\liyonglu123.github.io\vue框架的搭建\vue自己动手做\demo
17 error Windows_NT 10.0.16299
18 error argv "C:\\node\\node.exe" "C:\\node\\node_modules\\npm\\bin\\npm-cli.js" "run" "build"
19 error node v6.9.4
20 error npm  v3.10.10
21 error code ELIFECYCLE
22 error demo@1.0.0 build: `webpack --progress --hide-modules --config webpack.prod.config.js`
22 error Exit status 1
23 error Failed at the demo@1.0.0 build script 'webpack --progress --hide-modules --config webpack.prod.config.js'.
23 error Make sure you have the latest version of node.js and npm installed.
23 error If you do, this is most likely a problem with the demo package,
23 error not with npm itself.
23 error Tell the author that this fails on your system:
23 error     webpack --progress --hide-modules --config webpack.prod.config.js
23 error You can get information on how to open an issue for this project with:
23 error     npm bugs demo
23 error Or if that isn't available, you can get their info via:
23 error     npm owner ls demo
23 error There is likely additional logging output above.
24 verbose exit [ 1, true ]
